Log file created on Mon Apr 01 20:26:40 CDT 2024
IMPORTANT:
Because updating this file after every log message would kill
performance, it will be *incomplete* unless you invoke the
Utilities->Troubleshooting->Update Activity Log on Disk command!
8:26:39 PM [main] [message] Log: When reporting bugs, please include the following information:
8:26:39 PM [main] [message] Log: java.version=21.0.2
8:26:39 PM [main] [message] Log: java.vm.version=21.0.2+13-58
8:26:39 PM [main] [message] Log: java.vm.name=OpenJDK 64-Bit Server VM
8:26:39 PM [main] [message] Log: java.runtime.version=21.0.2+13-58
8:26:39 PM [main] [message] Log: java.runtime.name=OpenJDK Runtime Environment
8:26:39 PM [main] [message] Log: java.vendor=Oracle Corporation
8:26:39 PM [main] [message] Log: java.compiler=null
8:26:39 PM [main] [message] Log: os.name=Mac OS X
8:26:39 PM [main] [message] Log: os.version=13.4
8:26:39 PM [main] [message] Log: os.arch=aarch64
8:26:39 PM [main] [message] Log: user.home=/Users/varshilrajeshbhainarola
8:26:39 PM [main] [message] Log: java.home=/Users/varshilrajeshbhainarola/Library/Java/JavaVirtualMachines/openjdk-21.0.2/Contents/Home
8:26:39 PM [main] [message] Log: java.class.path=/Users/varshilrajeshbhainarola/Downloads/jEditTeam01/build/classes/core:/Users/varshilrajeshbhainarola/Downloads/jsr305-3.0.2.jar
8:26:39 PM [main] [message] jEdit: starting with command line arguments: -settings=/Users/varshilrajeshbhainarola/Downloads/jEditTeam01/build/settings
8:26:39 PM [main] [notice] jEdit: An error occurred while connecting to the jEdit server instance.
8:26:39 PM [main] [notice] jEdit: This probably means that jEdit crashed and/or exited abnormally
8:26:39 PM [main] [notice] jEdit: the last time it was run.
8:26:39 PM [main] [notice] jEdit: If you don't know what this means, don't worry.
8:26:39 PM [main] [notice] jEdit: java.net.ConnectException: Connection refused
8:26:39 PM [main] [notice] jEdit:  at java.base/sun.nio.ch.Net.connect0(Native Method)
8:26:39 PM [main] [notice] jEdit:  at java.base/sun.nio.ch.Net.connect(Net.java:589)
8:26:39 PM [main] [notice] jEdit:  at java.base/sun.nio.ch.Net.connect(Net.java:578)
8:26:39 PM [main] [notice] jEdit:  at java.base/sun.nio.ch.NioSocketImpl.connect(NioSocketImpl.java:583)
8:26:39 PM [main] [notice] jEdit:  at java.base/java.net.SocksSocketImpl.connect(SocksSocketImpl.java:327)
8:26:39 PM [main] [notice] jEdit:  at java.base/java.net.Socket.connect(Socket.java:751)
8:26:39 PM [main] [notice] jEdit:  at java.base/java.net.Socket.connect(Socket.java:686)
8:26:39 PM [main] [notice] jEdit:  at java.base/java.net.Socket.<init>(Socket.java:555)
8:26:39 PM [main] [notice] jEdit:  at java.base/java.net.Socket.<init>(Socket.java:356)
8:26:39 PM [main] [notice] jEdit:  at org.gjt.sp.jedit.jEdit.main(jEdit.java:320)
8:26:39 PM [main] [debug] jEdit: before splash screen activation:67 ms
8:26:40 PM [main] [debug] jEdit: after splash screen activation:1719 ms
8:26:40 PM [main] [debug] MiscUtilities: Saving backup of file "/Users/varshilrajeshbhainarola/Downloads/jEditTeam01/build/settings/activity.log" to "/Users/varshilrajeshbhainarola/Downloads/jEditTeam01/build/settings/settings-backup/activity.log~1~"
8:26:40 PM [main] [notice] jEdit: jEdit version 5.5.0
8:26:40 PM [main] [message] jEdit: Settings directory is /Users/varshilrajeshbhainarola/Downloads/jEditTeam01/build/settings
8:26:41 PM [main] [message] jEdit: jEdit home directory is /Users/varshilrajeshbhainarola/Downloads/jEditTeam01
8:26:41 PM [main] [debug] SplashScreen: init:14/1297ms
8:26:41 PM [main] [debug] SplashScreen: init system properties:15/1312ms
8:26:41 PM [main] [message] BeanShell: Beanshell Init
8:26:41 PM [main] [debug] SplashScreen: init beanshell:23/1335ms
8:26:41 PM [main] [debug] SplashScreen: loading site properties:1/1336ms
8:26:41 PM [main] [debug] SplashScreen: loading user properties:2/1338ms
8:26:41 PM [main] [debug] GUIUtilities: Icon theme set to: tango
8:26:41 PM [main] [debug] GUIUtilities: Loading icon theme from: jeditresource:/org/gjt/sp/jedit/icons/themes/tango/
8:26:41 PM [main] [debug] SplashScreen: init GUI:1/1339ms
8:26:41 PM [main] [debug] EditServer: jEdit server started on port 56010
8:26:41 PM [main] [debug] EditServer: Authorization key is 604691485
8:26:41 PM [main] [debug] SplashScreen: init server:14/1353ms
8:26:41 PM [main] [debug] jEdit: initPLAF non-edt old=com.apple.laf.AquaLookAndFeel requested=null new=com.apple.laf.AquaLookAndFeel
8:26:41 PM [main] [debug] SplashScreen: init look and feel:3/1356ms
8:26:41 PM [main] [debug] SplashScreen: init VFS Manager:0/1356ms
8:26:41 PM [main] [debug] ActionSet: Loading actions from file:/Users/varshilrajeshbhainarola/Downloads/jEditTeam01/build/classes/core/org/gjt/sp/jedit/actions.xml
8:26:41 PM [main] [debug] DockableWindowManager: Loading dockables from file:/Users/varshilrajeshbhainarola/Downloads/jEditTeam01/build/classes/core/org/gjt/sp/jedit/dockables.xml
8:26:41 PM [main] [debug] SplashScreen: init resources:56/1412ms
8:26:41 PM [AWT-EventQueue-0] [debug] EditBus: SearchSettingsChanged[source=null]
8:26:41 PM [main] [debug] SplashScreen: Migrate keymaps:14/1426ms
8:26:41 PM [main] [notice] jEdit: Loading plugins from /Users/varshilrajeshbhainarola/Downloads/jEditTeam01/jars
8:26:41 PM [main] [notice] jEdit: Loading plugins from /Users/varshilrajeshbhainarola/Downloads/jEditTeam01/build/settings/jars
8:26:41 PM [main] [debug] SplashScreen: init plugins:5/1431ms
8:26:41 PM [main] [message] HistoryModel: Loading history
8:26:41 PM [main] [debug] SplashScreen: init history model:2/1433ms
8:26:41 PM [main] [message] BufferHistory: Loading /Users/varshilrajeshbhainarola/Downloads/jEditTeam01/build/settings/recent.xml
8:26:41 PM [main] [debug] SplashScreen: init buffer history:3/1436ms
8:26:41 PM [main] [message] KillRing: Loading /Users/varshilrajeshbhainarola/Downloads/jEditTeam01/build/settings/killring.xml
8:26:41 PM [main] [debug] SplashScreen: init killring:4/1440ms
8:26:41 PM [main] [debug] jEdit: initPLAF non-edt old=com.apple.laf.AquaLookAndFeel requested=null new=com.apple.laf.AquaLookAndFeel
8:26:41 PM [main] [debug] jEdit: SOCKS proxy disabled
8:26:41 PM [main] [debug] jEdit: HTTP proxy disabled
8:26:41 PM [AWT-EventQueue-0] [debug] EditBus: PropertiesChanged[source=null]
8:26:41 PM [main] [debug] SplashScreen: init various properties:47/1487ms
8:26:41 PM [main] [message] jEdit: Loading mode catalog file /Users/varshilrajeshbhainarola/Downloads/jEditTeam01/modes/catalog
8:26:41 PM [main] [message] jEdit: Loading mode catalog file /Users/varshilrajeshbhainarola/Downloads/jEditTeam01/build/settings/modes/catalog
8:26:41 PM [main] [debug] SplashScreen: init modes:22/1509ms
8:26:41 PM [main] [debug] SplashScreen: activate plugins:3/1512ms
8:26:41 PM [main] [debug] Macros: Registered beanshell macro handler
8:26:41 PM [AWT-EventQueue-0] [debug] EditBus: DynamicMenuChanged[menu=macros,source=null]
8:26:41 PM [main] [debug] SplashScreen: init macros:9/1521ms
8:26:41 PM [main] [message] BeanShell: Running script /Users/varshilrajeshbhainarola/Downloads/jEditTeam01/startup/startup.bsh
8:26:41 PM [main] [notice] jEdit$5: Loading edit mode /Users/varshilrajeshbhainarola/Downloads/jEditTeam01/modes/text.xml
8:26:41 PM [main] [debug] String: BeanShell interpreter version 2.0b4-jedit
8:26:41 PM [main] [debug] SplashScreen: run startup scripts:83/1604ms
8:26:41 PM [main] [debug] SplashScreen: run startup scripts:10/1614ms
8:26:41 PM [main] [debug] SplashScreen: run startup scripts:11/1615ms
8:26:41 PM [main] [debug] jEdit: main done:2073 ms
8:26:41 PM [AWT-EventQueue-0] [message] PerspectiveManager: Loading /Users/varshilrajeshbhainarola/Downloads/jEditTeam01/build/settings/perspective.xml
8:26:41 PM [AWT-EventQueue-0] [debug] EditBus: BufferUpdate[what=PROPERTIES_CHANGED,view=null,source=abc (~/Downloads/)]
8:26:41 PM [AWT-EventQueue-0] [debug] EditBus: BufferUpdate[what=CREATED,view=null,source=abc (~/Downloads/)]
8:26:41 PM [AWT-EventQueue-0] [debug] EditBus: BufferUpdate[what=LOAD_STARTED,view=null,source=abc (~/Downloads/)]
8:26:41 PM [AWT-EventQueue-0] [debug] EditBus: BufferUpdate[what=LOADED,view=null,source=abc (~/Downloads/)]
8:26:41 PM [AWT-EventQueue-0] [debug] EditBus: BufferUpdate[what=PROPERTIES_CHANGED,view=null,source=kit (~/Downloads/)]
8:26:41 PM [AWT-EventQueue-0] [debug] EditBus: BufferUpdate[what=CREATED,view=null,source=kit (~/Downloads/)]
8:26:41 PM [AWT-EventQueue-0] [debug] EditBus: BufferUpdate[what=LOAD_STARTED,view=null,source=kit (~/Downloads/)]
8:26:41 PM [AWT-EventQueue-0] [debug] EditBus: BufferUpdate[what=LOADED,view=null,source=kit (~/Downloads/)]
8:26:41 PM [AWT-EventQueue-0] [debug] EditBus: BufferUpdate[what=PROPERTIES_CHANGED,view=null,source=knkknknbcmk (~/Downloads/)]
8:26:41 PM [AWT-EventQueue-0] [debug] EditBus: BufferUpdate[what=CREATED,view=null,source=knkknknbcmk (~/Downloads/)]
8:26:41 PM [AWT-EventQueue-0] [debug] EditBus: BufferUpdate[what=LOAD_STARTED,view=null,source=knkknknbcmk (~/Downloads/)]
8:26:41 PM [AWT-EventQueue-0] [debug] EditBus: BufferUpdate[what=LOADED,view=null,source=knkknknbcmk (~/Downloads/)]
8:26:41 PM [AWT-EventQueue-0] [debug] EditBus: BufferUpdate[what=PROPERTIES_CHANGED,view=null,source=kolpscde (~/Downloads/)]
8:26:41 PM [AWT-EventQueue-0] [debug] EditBus: BufferUpdate[what=CREATED,view=null,source=kolpscde (~/Downloads/)]
8:26:41 PM [AWT-EventQueue-0] [debug] EditBus: BufferUpdate[what=LOAD_STARTED,view=null,source=kolpscde (~/Downloads/)]
8:26:41 PM [AWT-EventQueue-0] [debug] EditBus: BufferUpdate[what=LOADED,view=null,source=kolpscde (~/Downloads/)]
8:26:41 PM [AWT-EventQueue-0] [debug] BufferSet: 1283314319: addBufferSetListener org.gjt.sp.jedit.EditPane[inactive]
8:26:41 PM [AWT-EventQueue-0] [debug] EditBus: BufferChanging[what=BUFFER_CHANGING,source=org.gjt.sp.jedit.EditPane[inactive]]
8:26:41 PM [AWT-EventQueue-0] [debug] BufferSet: 1283314319 addBufferAt(abc (~/Downloads/),-1)
8:26:41 PM [AWT-EventQueue-0] [debug] BufferSet: 1283314319: Buffer added abc (~/Downloads/) at 0
8:26:41 PM [AWT-EventQueue-0] [debug] EditBus: EditPaneUpdate[what=CREATED,source=org.gjt.sp.jedit.EditPane[inactive]]
8:26:41 PM [AWT-EventQueue-0] [debug] EditBus: ViewUpdate[what=CREATED,source=org.gjt.sp.jedit.View[active]]
8:26:41 PM [AWT-EventQueue-0] [debug] EditBus: EditorStarted[source=null]
8:26:41 PM [AWT-EventQueue-0] [message] jEdit: Startup complete: 2413 ms
8:26:41 PM [AWT-EventQueue-0] [debug] EditBus: ViewUpdate[what=VIEW_ACTIVATED,source=org.gjt.sp.jedit.View[active]]
8:26:41 PM [AWT-EventQueue-0] [debug] jEdit: checkBufferStatus for all buffers
8:26:41 PM [AWT-EventQueue-0] [debug] EditBus: DynamicMenuChanged[menu=recent-files,source=null]
8:26:41 PM [AWT-EventQueue-0] [debug] JEditTextArea: InputMethodSupport is activated
8:26:42 PM [AWT-EventQueue-0] [debug] EditBus: ViewUpdate[what=VIEW_ACTIVATED,source=org.gjt.sp.jedit.View[active]]
8:26:42 PM [AWT-EventQueue-0] [debug] jEdit: checkBufferStatus for all buffers
8:26:42 PM [AWT-EventQueue-0] [debug] EditBus: DynamicMenuChanged[menu=recent-files,source=null]
8:26:44 PM [AWT-EventQueue-0] [debug] EditBus: PositionChanging[what=POSITION_CHANGING,source=org.gjt.sp.jedit.EditPane[active]]
8:26:44 PM [AWT-EventQueue-0] [debug] EditBus: BufferUpdate[what=DIRTY_CHANGED,view=null,source=abc (~/Downloads/)]
8:26:45 PM [AWT-EventQueue-0] [debug] EditBus: PositionChanging[what=POSITION_CHANGING,source=org.gjt.sp.jedit.EditPane[active]]
8:26:45 PM [AWT-EventQueue-0] [debug] EditBus: PositionChanging[what=POSITION_CHANGING,source=org.gjt.sp.jedit.EditPane[active]]
8:26:45 PM [AWT-EventQueue-0] [debug] EditBus: PositionChanging[what=POSITION_CHANGING,source=org.gjt.sp.jedit.EditPane[active]]
8:26:45 PM [AWT-EventQueue-0] [debug] EditBus: PositionChanging[what=POSITION_CHANGING,source=org.gjt.sp.jedit.EditPane[active]]
8:26:45 PM [AWT-EventQueue-0] [debug] EditBus: PositionChanging[what=POSITION_CHANGING,source=org.gjt.sp.jedit.EditPane[active]]
8:26:45 PM [AWT-EventQueue-0] [debug] EditBus: PositionChanging[what=POSITION_CHANGING,source=org.gjt.sp.jedit.EditPane[active]]
8:26:46 PM [AWT-EventQueue-0] [debug] EditBus: PositionChanging[what=POSITION_CHANGING,source=org.gjt.sp.jedit.EditPane[active]]
8:26:46 PM [AWT-EventQueue-0] [debug] EditBus: PositionChanging[what=POSITION_CHANGING,source=org.gjt.sp.jedit.EditPane[active]]
8:26:46 PM [AWT-EventQueue-0] [debug] EditBus: PositionChanging[what=POSITION_CHANGING,source=org.gjt.sp.jedit.EditPane[active]]
8:26:46 PM [AWT-EventQueue-0] [debug] EditBus: PositionChanging[what=POSITION_CHANGING,source=org.gjt.sp.jedit.EditPane[active]]
8:26:46 PM [AWT-EventQueue-0] [debug] EditBus: PositionChanging[what=POSITION_CHANGING,source=org.gjt.sp.jedit.EditPane[active]]
8:26:46 PM [AWT-EventQueue-0] [debug] EditBus: PositionChanging[what=POSITION_CHANGING,source=org.gjt.sp.jedit.EditPane[active]]
8:26:47 PM [AWT-EventQueue-0] [debug] EditBus: PositionChanging[what=POSITION_CHANGING,source=org.gjt.sp.jedit.EditPane[active]]
8:26:47 PM [AWT-EventQueue-0] [debug] EditBus: PositionChanging[what=POSITION_CHANGING,source=org.gjt.sp.jedit.EditPane[active]]
8:26:47 PM [AWT-EventQueue-0] [debug] EditBus: PositionChanging[what=POSITION_CHANGING,source=org.gjt.sp.jedit.EditPane[active]]
8:26:47 PM [AWT-EventQueue-0] [debug] EditBus: PositionChanging[what=POSITION_CHANGING,source=org.gjt.sp.jedit.EditPane[active]]
8:26:47 PM [AWT-EventQueue-0] [debug] EditBus: PositionChanging[what=POSITION_CHANGING,source=org.gjt.sp.jedit.EditPane[active]]
8:26:47 PM [AWT-EventQueue-0] [debug] EditBus: PositionChanging[what=POSITION_CHANGING,source=org.gjt.sp.jedit.EditPane[active]]
8:26:48 PM [AWT-EventQueue-0] [debug] EditBus: PositionChanging[what=POSITION_CHANGING,source=org.gjt.sp.jedit.EditPane[active]]
8:26:48 PM [AWT-EventQueue-0] [debug] EditBus: PositionChanging[what=POSITION_CHANGING,source=org.gjt.sp.jedit.EditPane[active]]
8:26:48 PM [AWT-EventQueue-0] [debug] EditBus: PositionChanging[what=POSITION_CHANGING,source=org.gjt.sp.jedit.EditPane[active]]
8:26:48 PM [AWT-EventQueue-0] [debug] EditBus: PositionChanging[what=POSITION_CHANGING,source=org.gjt.sp.jedit.EditPane[active]]
8:26:48 PM [AWT-EventQueue-0] [debug] EditBus: PositionChanging[what=POSITION_CHANGING,source=org.gjt.sp.jedit.EditPane[active]]
8:26:48 PM [AWT-EventQueue-0] [debug] EditBus: PositionChanging[what=POSITION_CHANGING,source=org.gjt.sp.jedit.EditPane[active]]
8:26:48 PM [AWT-EventQueue-0] [debug] EditBus: PositionChanging[what=POSITION_CHANGING,source=org.gjt.sp.jedit.EditPane[active]]
8:26:49 PM [AWT-EventQueue-0] [debug] EditBus: PositionChanging[what=POSITION_CHANGING,source=org.gjt.sp.jedit.EditPane[active]]
8:26:49 PM [AWT-EventQueue-0] [debug] EditBus: PositionChanging[what=POSITION_CHANGING,source=org.gjt.sp.jedit.EditPane[active]]
8:26:49 PM [AWT-EventQueue-0] [debug] EditBus: PositionChanging[what=POSITION_CHANGING,source=org.gjt.sp.jedit.EditPane[active]]
8:26:49 PM [AWT-EventQueue-0] [debug] EditBus: PositionChanging[what=POSITION_CHANGING,source=org.gjt.sp.jedit.EditPane[active]]
8:26:49 PM [AWT-EventQueue-0] [debug] EditBus: PositionChanging[what=POSITION_CHANGING,source=org.gjt.sp.jedit.EditPane[active]]
8:26:50 PM [AWT-EventQueue-0] [debug] EditBus: PositionChanging[what=POSITION_CHANGING,source=org.gjt.sp.jedit.EditPane[active]]
8:26:50 PM [AWT-EventQueue-0] [debug] EditBus: PositionChanging[what=POSITION_CHANGING,source=org.gjt.sp.jedit.EditPane[active]]
8:26:50 PM [AWT-EventQueue-0] [debug] EditBus: PositionChanging[what=POSITION_CHANGING,source=org.gjt.sp.jedit.EditPane[active]]
8:26:50 PM [AWT-EventQueue-0] [debug] EditBus: PositionChanging[what=POSITION_CHANGING,source=org.gjt.sp.jedit.EditPane[active]]
8:26:51 PM [AWT-EventQueue-0] [debug] EditBus: BufferUpdate[what=SAVING,view=org.gjt.sp.jedit.View[active],source=abc (~/Downloads/)]
8:26:51 PM [AWT-EventQueue-0] [debug] FileVFS: /Users/varshilrajeshbhainarola/Downloads/abc has permissions 0644
8:26:51 PM [AWT-EventQueue-0] [debug] EditBus: BufferUpdate[what=DIRTY_CHANGED,view=org.gjt.sp.jedit.View[active],source=abc (~/Downloads/)]
8:26:51 PM [AWT-EventQueue-0] [debug] EditBus: BufferUpdate[what=SAVED,view=org.gjt.sp.jedit.View[active],source=abc (~/Downloads/)]
8:26:51 PM [AWT-EventQueue-0] [debug] EditBus: VFSUpdate[path=/Users/varshilrajeshbhainarola/Downloads,source=null]
8:26:51 PM [AWT-EventQueue-0] [debug] EditBus: VFSUpdate[path=/Users/varshilrajeshbhainarola/Downloads/#abc#save#,source=null]
8:26:51 PM [AWT-EventQueue-0] [debug] EditBus: VFSUpdate[path=/Users/varshilrajeshbhainarola/Downloads/abc,source=null]
8:26:51 PM [AWT-EventQueue-0] [debug] EditBus: VFSUpdate[path=/Users/varshilrajeshbhainarola/Downloads/abc~,source=null]
8:27:02 PM [AWT-EventQueue-0] [debug] EditBus: PositionChanging[what=POSITION_CHANGING,source=org.gjt.sp.jedit.EditPane[active]]
8:27:04 PM [AWT-EventQueue-0] [debug] EditBus: EditorExitRequested[source=org.gjt.sp.jedit.View[active]]
8:27:04 PM [AWT-EventQueue-0] [message] PerspectiveManager: Saving /Users/varshilrajeshbhainarola/Downloads/jEditTeam01/build/settings/perspective.xml
8:27:04 PM [AWT-EventQueue-0] [debug] MiscUtilities: Saving backup of file "/Users/varshilrajeshbhainarola/Downloads/jEditTeam01/build/settings/perspective.xml" to "/Users/varshilrajeshbhainarola/Downloads/jEditTeam01/build/settings/settings-backup/perspective.xml~1~"
8:27:04 PM [AWT-EventQueue-0] [debug] EditBus: DynamicMenuChanged[menu=recent-files,source=null]
8:27:04 PM [AWT-EventQueue-0] [debug] EditBus: DynamicMenuChanged[menu=recent-files,source=null]
8:27:04 PM [AWT-EventQueue-0] [debug] EditBus: BufferUpdate[what=CLOSING,view=org.gjt.sp.jedit.View[active],source=abc (~/Downloads/)]
8:27:04 PM [AWT-EventQueue-0] [debug] BufferSet: 1283314319: Buffer removed abc (~/Downloads/)
8:27:04 PM [AWT-EventQueue-0] [debug] EditBus: BufferUpdate[what=PROPERTIES_CHANGED,view=null,source=Untitled-1 (~/Downloads/)]
8:27:04 PM [AWT-EventQueue-0] [debug] EditBus: BufferUpdate[what=CREATED,view=null,source=Untitled-1 (~/Downloads/)]
8:27:04 PM [AWT-EventQueue-0] [debug] EditBus: BufferUpdate[what=LOAD_STARTED,view=null,source=Untitled-1 (~/Downloads/)]
8:27:04 PM [AWT-EventQueue-0] [debug] EditBus: BufferUpdate[what=LOADED,view=null,source=Untitled-1 (~/Downloads/)]
8:27:04 PM [AWT-EventQueue-0] [debug] BufferSet: 1283314319 addBufferAt(Untitled-1 (~/Downloads/),-1)
8:27:04 PM [AWT-EventQueue-0] [debug] BufferSet: 1283314319: Buffer added Untitled-1 (~/Downloads/) at 0
8:27:04 PM [AWT-EventQueue-0] [debug] EditBus: BufferChanging[what=BUFFER_CHANGING,source=org.gjt.sp.jedit.EditPane[active]]
8:27:04 PM [AWT-EventQueue-0] [debug] EditBus: EditPaneUpdate[what=BUFFER_CHANGED,source=org.gjt.sp.jedit.EditPane[active]]
8:27:04 PM [AWT-EventQueue-0] [debug] EditBus: BufferUpdate[what=CLOSED,view=org.gjt.sp.jedit.View[active],source=abc (~/Downloads/)]
8:27:04 PM [AWT-EventQueue-0] [debug] EditBus: DynamicMenuChanged[menu=recent-files,source=null]
8:27:04 PM [AWT-EventQueue-0] [debug] EditBus: BufferUpdate[what=CLOSING,view=org.gjt.sp.jedit.View[active],source=kit (~/Downloads/)]
8:27:04 PM [AWT-EventQueue-0] [debug] EditBus: BufferUpdate[what=CLOSED,view=org.gjt.sp.jedit.View[active],source=kit (~/Downloads/)]
8:27:04 PM [AWT-EventQueue-0] [debug] EditBus: DynamicMenuChan